INFO:logger:
---------------------------------------------------------------
API v1.0 online: http://localhost:8080/departments/


INFO:werkzeug: * Restarting with stat
INFO:logger:
---------------------------------------------------------------
API v1.0 online: http://localhost:8080/departments/


WARNING:werkzeug: * Debugger is active!
INFO:werkzeug: * Debugger PIN: 755-629-396
WARNING:werkzeug: * Running on all addresses.
   WARNING: This is a development server. Do not use it in a production deployment.
INFO:werkzeug: * Running on http://192.168.1.7:5000/ (Press CTRL+C to quit)
INFO:logger:
---------------------------------------------------------------
API v1.0 online: http://localhost:8080/departments/


INFO:werkzeug: * Restarting with stat
INFO:logger:
---------------------------------------------------------------
API v1.0 online: http://localhost:8080/departments/


WARNING:werkzeug: * Debugger is active!
INFO:werkzeug: * Debugger PIN: 755-629-396
WARNING:werkzeug: * Running on all addresses.
   WARNING: This is a development server. Do not use it in a production deployment.
INFO:werkzeug: * Running on http://192.168.1.7:5000/ (Press CTRL+C to quit)
INFO:werkzeug:192.168.1.7 - - [27/May/2021 15:21:20] "[31m[1mPOST /departments HTTP/1.1[0m" 405 -
INFO:werkzeug:192.168.1.7 - - [27/May/2021 15:21:29] "[32mGET /departments HTTP/1.1[0m" 308 -
INFO:logger:###              DEMO: GET /departments              ###
INFO:werkzeug:192.168.1.7 - - [27/May/2021 15:21:29] "[35m[1mGET /departments/ HTTP/1.1[0m" 500 -
INFO:werkzeug: * Detected change in 'c:\\Users\\Inês Margarida\\Desktop\\BD\\Projeto_Meta2\\Projeto_BD\\python\\api.py', reloading
INFO:werkzeug: * Restarting with stat
INFO:logger:
---------------------------------------------------------------
API v1.0 online: http://localhost:8080/departments/


WARNING:werkzeug: * Debugger is active!
INFO:werkzeug: * Debugger PIN: 755-629-396
WARNING:werkzeug: * Running on all addresses.
   WARNING: This is a development server. Do not use it in a production deployment.
INFO:werkzeug: * Running on http://192.168.1.7:5000/ (Press CTRL+C to quit)
INFO:werkzeug: * Detected change in 'c:\\Users\\Inês Margarida\\Desktop\\BD\\Projeto_Meta2\\Projeto_BD\\python\\api.py', reloading
INFO:werkzeug: * Restarting with stat
INFO:logger:
---------------------------------------------------------------
API v1.0 online: http://localhost:8080/departments/


WARNING:werkzeug: * Debugger is active!
INFO:werkzeug: * Debugger PIN: 755-629-396
WARNING:werkzeug: * Running on all addresses.
   WARNING: This is a development server. Do not use it in a production deployment.
INFO:werkzeug: * Running on http://192.168.1.7:5000/ (Press CTRL+C to quit)
INFO:logger:
---------------------------------------------------------------
API v1.0 online: http://localhost:8080/departments/


INFO:werkzeug: * Restarting with stat
INFO:logger:
---------------------------------------------------------------
API v1.0 online: http://localhost:8080/departments/


WARNING:werkzeug: * Debugger is active!
INFO:werkzeug: * Debugger PIN: 755-629-396
WARNING:werkzeug: * Running on all addresses.
   WARNING: This is a development server. Do not use it in a production deployment.
INFO:werkzeug: * Running on http://192.168.1.7:5000/ (Press CTRL+C to quit)
INFO:werkzeug:192.168.1.7 - - [27/May/2021 15:24:48] "[32mGET /departments HTTP/1.1[0m" 308 -
INFO:logger:###              DEMO: GET /departments              ###
DEBUG:logger:---- departments  ----
DEBUG:logger:(Decimal('1'), 'Edificio do DEI', 'Coimbra')
DEBUG:logger:(Decimal('10'), 'Contabilidade', 'Condeixa')
DEBUG:logger:(Decimal('20'), 'Investigacao', 'Mealhada')
DEBUG:logger:(Decimal('30'), 'Vendas', 'Coimbra')
DEBUG:logger:(Decimal('40'), 'Planeamento', 'Montemor')
INFO:werkzeug:192.168.1.7 - - [27/May/2021 15:24:48] "GET /departments/ HTTP/1.1" 200 -
INFO:logger:
---------------------------------------------------------------
API v1.0 online: http://localhost:8080/departments/


INFO:werkzeug: * Restarting with stat
INFO:logger:
---------------------------------------------------------------
API v1.0 online: http://localhost:8080/departments/


WARNING:werkzeug: * Debugger is active!
INFO:werkzeug: * Debugger PIN: 755-629-396
WARNING:werkzeug: * Running on all addresses.
   WARNING: This is a development server. Do not use it in a production deployment.
INFO:werkzeug: * Running on http://192.168.1.7:5000/ (Press CTRL+C to quit)
INFO:werkzeug:192.168.1.7 - - [27/May/2021 15:36:38] "[31m[1mPOST /departments?ndep=5&localidade=regua&nome=deiregua HTTP/1.1[0m" 405 -
INFO:werkzeug: * Detected change in 'c:\\Users\\Inês Margarida\\Desktop\\BD\\Projeto_Meta2\\Projeto_BD\\python\\api.py', reloading
INFO:werkzeug: * Restarting with stat
INFO:logger:
---------------------------------------------------------------
API v1.0 online: http://localhost:8080/departments/


INFO:werkzeug: * Restarting with stat
INFO:logger:
---------------------------------------------------------------
API v1.0 online: http://localhost:8080/departments/


WARNING:werkzeug: * Debugger is active!
INFO:werkzeug: * Debugger PIN: 755-629-396
WARNING:werkzeug: * Running on all addresses.
   WARNING: This is a development server. Do not use it in a production deployment.
INFO:werkzeug: * Running on http://192.168.1.7:5000/ (Press CTRL+C to quit)
INFO:werkzeug:192.168.1.7 - - [27/May/2021 15:37:31] "[35m[1mPOST /departments?ndep=5&localidade=regua&nome=deiregua HTTP/1.1[0m" 500 -
INFO:werkzeug:192.168.1.7 - - [27/May/2021 15:39:24] "[35m[1mPOST /departments?ndep=%225%22&localidade=%22regua%22&nome=%22deiregua%22 HTTP/1.1[0m" 500 -
INFO:logger:###              DEMO: POST /departments              ###
INFO:logger:---- new department  ----
DEBUG:logger:payload: None
INFO:werkzeug:192.168.1.7 - - [27/May/2021 15:41:57] "[35m[1mPOST /departments/?ndep=%225%22&localidade=%22regua%22&nome=%22deiregua%22 HTTP/1.1[0m" 500 -
INFO:logger:###              DEMO: POST /departments              ###
INFO:logger:---- new department  ----
DEBUG:logger:payload: None
INFO:werkzeug:192.168.1.7 - - [27/May/2021 15:42:08] "[35m[1mPOST /departments/?localidade=%22regua%22&nome=%22deiregua%22 HTTP/1.1[0m" 500 -
INFO:logger:###              DEMO: POST /departments              ###
INFO:logger:---- new department  ----
DEBUG:logger:payload: None
INFO:werkzeug:192.168.1.7 - - [27/May/2021 15:42:13] "[35m[1mPOST /departments/?ndep=%225%22 HTTP/1.1[0m" 500 -
INFO:logger:###              DEMO: POST /departments              ###
INFO:logger:---- new department  ----
DEBUG:logger:payload: None
INFO:werkzeug:192.168.1.7 - - [27/May/2021 15:42:56] "[35m[1mPOST /departments/?%22ndep%22=%225%22&%22localidade%22=%22regua%22&%22nome%22=%22deiregua%22 HTTP/1.1[0m" 500 -
INFO:logger:###              DEMO: POST /departments              ###
INFO:logger:---- new department  ----
DEBUG:logger:payload: None
INFO:werkzeug:192.168.1.7 - - [27/May/2021 15:45:43] "[35m[1mPOST /departments/?payload[0]=%225%22&%22localidade%22=%22regua%22&%22nome%22=%22deiregua%22 HTTP/1.1[0m" 500 -
INFO:logger:###              DEMO: POST /departments              ###
INFO:logger:---- new department  ----
DEBUG:logger:payload: None
INFO:werkzeug:192.168.1.7 - - [27/May/2021 15:46:05] "[35m[1mPOST /departments/?payload[0]=%225%22&payload[1]=%22regua%22&payload[2]=%22deiregua%22 HTTP/1.1[0m" 500 -
INFO:logger:###              DEMO: POST /departments              ###
INFO:logger:---- new department  ----
DEBUG:logger:payload: None
INFO:werkzeug:192.168.1.7 - - [27/May/2021 15:46:33] "[35m[1mPOST /departments/?ndep=%225%22&localidade=%22regua%22&nome=%22deiregua%22 HTTP/1.1[0m" 500 -
INFO:logger:###              DEMO: POST /departments              ###
INFO:logger:---- new department  ----
DEBUG:logger:payload: None
INFO:werkzeug:192.168.1.7 - - [27/May/2021 15:46:55] "[35m[1mPOST /departments/?ndep=%225%22&nome=%22regua%22&localidade=%22deiregua%22 HTTP/1.1[0m" 500 -
INFO:logger:###              DEMO: POST /departments              ###
INFO:logger:---- new department  ----
DEBUG:logger:payload: {'localidade': 'Polo II', 'ndep': 69, 'nome': 'Seguranca'}
INFO:werkzeug:192.168.1.7 - - [27/May/2021 15:53:49] "POST /departments/ HTTP/1.1" 200 -
INFO:werkzeug: * Detected change in 'c:\\Users\\Inês Margarida\\Desktop\\BD\\Projeto_Meta2\\Projeto_BD\\python\\api.py', reloading
INFO:werkzeug: * Restarting with stat
